2026-04-24 17:51:07 | INFO    | 04_evaluate | LinearSVC                 macroF1=0.9013  MCC=0.8134  acc=0.9546  prec=0.9607  rec=0.7287  FPR=0.0053  ROC-AUC=0.9620
2026-04-24 17:51:07 | INFO    | 04_evaluate |   ECE (10-bin): 0.0255
2026-04-24 17:51:07 | INFO    | 04_evaluate | IsolationForest           macroF1=0.7737  MCC=0.5482  acc=0.8798  prec=0.5924  rec=0.6474  FPR=0.0790  ROC-AUC=0.8158
2026-04-24 17:51:07 | INFO    | 04_evaluate |   ECE (10-bin): 0.0852
2026-04-24 17:51:07 | INFO    | 04_evaluate | HybridStack               macroF1=0.9010  MCC=0.8122  acc=0.9544  prec=0.9566  rec=0.7303  FPR=0.0059  ROC-AUC=0.9620
2026-04-24 17:51:07 | INFO    | 04_evaluate |   ECE (10-bin): 0.0085
2026-04-24 17:51:07 | INFO    | 04_evaluate | Wrote D:\Work\Geria_projects\IDS\implementation\code\results\metrics_summary.csv
2026-04-24 17:51:07 | INFO    | 04_evaluate | Wrote D:\Work\Geria_projects\IDS\implementation\code\results\per_category_recall.csv
model         HybridStack  IsolationForest  LinearSVC
category                                             
BENIGN             0.9941           0.9210     0.9947
Bot                0.0000           0.0345     0.0000
Brute Force        0.0000           0.0000     0.0000
DDoS               0.6350           0.5118     0.6350
DoS                0.8486           0.7849     0.8458
Infiltration       0.0000           1.0000     0.0000
PortScan           0.0128           0.0897     0.0128
Web Attack         0.0000           0.0000     0.0000
2026-04-24 17:51:07 | INFO    | 04_evaluate | Wrote D:\Work\Geria_projects\IDS\implementation\code\results\confusion_matrices.txt
2026-04-24 17:51:09 | INFO    | 04_evaluate | Wrote reliability_hybrid.png and pr_curves.png
